<?xml version="1.0" encoding="utf-8"?><testsuites><testsuite name="pytest" errors="0" failures="0" skipped="0" tests="11" time="1.877" timestamp="2025-09-03T21:45:57.842067" hostname="MacBook-Air.local"><testcase classname="tests.test_users_api" name="test_list_users_matches_schema_and_paginates[1]" time="0.124" /><testcase classname="tests.test_users_api" name="test_list_users_matches_schema_and_paginates[2]" time="0.034" /><testcase classname="tests.test_users_api" name="test_list_users_pages_are_distinct" time="0.064" /><testcase classname="tests.test_users_api" name="test_get_user_by_id_success" time="0.033" /><testcase classname="tests.test_users_api" name="test_get_user_not_found" time="0.246" /><testcase classname="tests.test_users_api" name="test_post_create_user_happy_path" time="0.249" /><testcase classname="tests.test_users_api" name="test_post_create_user_with_extra_field" time="0.135" /><testcase classname="tests.test_users_api" name="test_post_missing_optional_field" time="0.133" /><testcase classname="tests.test_users_api" name="test_put_update_user" time="0.239" /><testcase classname="tests.test_users_api" name="test_put_nonexistent_user_observed_behavior" time="0.307" /><testcase classname="tests.test_users_api" name="test_delete_user_twice_is_idempotent_like" time="0.264" /></testsuite></testsuites>